<?xml version="1.0" encoding="UTF-8"?>
<!-- Generated by org.testng.reporters.JUnitReportReporter -->
<testsuite hostname="DESKTOP-LP7C4H4" failures="0" tests="1" name="com.SauceDemo.TestPackage.Verify_Bag_Product_Test_Case" time="7.211" errors="0" timestamp="2023-01-02T18:12:05 IST" skipped="0">
  <testcase classname="com.SauceDemo.TestPackage.Verify_Bag_Product_Test_Case" name="Verify_Bag_Product_Test_Case1" time="7.211"/>
  <system-out/>
</testsuite> <!-- com.SauceDemo.TestPackage.Verify_Bag_Product_Test_Case -->
