<?xml version="1.0" encoding="UTF-8"?>
<!-- Generated by org.testng.reporters.JUnitReportReporter -->
<testsuite hostname="DESKTOP-LP7C4H4" failures="0" tests="1" name="com.SauceDemo.TestPackage.TC03_Verify_Bag_Product_Test_Case" time="17.954" errors="0" timestamp="2023-01-04T18:54:40 IST" skipped="0">
  <testcase classname="com.SauceDemo.TestPackage.TC03_Verify_Bag_Product_Test_Case" name="Verify_Bag_Product_Test_Case1" time="17.954"/>
  <system-out/>
</testsuite> <!-- com.SauceDemo.TestPackage.TC03_Verify_Bag_Product_Test_Case -->
